0 info it worked if it ends with ok
1 verbose cli [ 'W:\\Environments\\Node\\node.exe',
1 verbose cli   'W:\\Environments\\Node\\node_modules\\npm\\bin\\npm-cli.js',
1 verbose cli   'run-script',
1 verbose cli   'test' ]
2 info using npm@2.14.12
3 info using node@v4.2.4
4 verbose run-script [ 'pretest', 'test', 'posttest' ]
5 info pretest animated-interface@0.0.5
6 info test animated-interface@0.0.5
7 verbose unsafe-perm in lifecycle true
8 info animated-interface@0.0.5 Failed to exec test script
9 verbose stack Error: animated-interface@0.0.5 test: `echo "Error: no test specified" && exit 1`
9 verbose stack Exit status 1
9 verbose stack     at EventEmitter.<anonymous> (W:\Environments\Node\node_modules\npm\lib\utils\lifecycle.js:214:16)
9 verbose stack     at emitTwo (events.js:87:13)
9 verbose stack     at EventEmitter.emit (events.js:172:7)
9 verbose stack     at ChildProcess.<anonymous> (W:\Environments\Node\node_modules\npm\lib\utils\spawn.js:24:14)
9 verbose stack     at emitTwo (events.js:87:13)
9 verbose stack     at ChildProcess.emit (events.js:172:7)
9 verbose stack     at maybeClose (internal/child_process.js:818:16)
9 verbose stack     at Process.ChildProcess._handle.onexit (internal/child_process.js:211:5)
10 verbose pkgid animated-interface@0.0.5
11 verbose cwd W:\GitHub\animated-interface
12 error Windows_NT 10.0.10586
13 error argv "W:\\Environments\\Node\\node.exe" "W:\\Environments\\Node\\node_modules\\npm\\bin\\npm-cli.js" "run-script" "test"
14 error node v4.2.4
15 error npm  v2.14.12
16 error code ELIFECYCLE
17 error animated-interface@0.0.5 test: `echo "Error: no test specified" && exit 1`
17 error Exit status 1
18 error Failed at the animated-interface@0.0.5 test script 'echo "Error: no test specified" && exit 1'.
18 error This is most likely a problem with the animated-interface package,
18 error not with npm itself.
18 error Tell the author that this fails on your system:
18 error     echo "Error: no test specified" && exit 1
18 error You can get their info via:
18 error     npm owner ls animated-interface
18 error There is likely additional logging output above.
19 verbose exit [ 1, true ]
